ERROR - 2025-07-25 15:11:29 --> Error connecting to the database: mysqli_sql_exception: Access denied for user ''@'localhost' (using password: NO) in D:\perkuliahan semet 4\praktikum\Webpro\projek_prakweb\32602300066_zidan-syarif\vendor\codeigniter4\framework\system\Database\MySQLi\Connection.php:201
Stack trace:
#0 D:\perkuliahan semet 4\praktikum\Webpro\projek_prakweb\32602300066_zidan-syarif\vendor\codeigniter4\framework\system\Database\MySQLi\Connection.php(201): mysqli->real_connect('localhost', '', Object(SensitiveParameterValue), '', 3306, '', 0)
#1 D:\perkuliahan semet 4\praktikum\Webpro\projek_prakweb\32602300066_zidan-syarif\vendor\codeigniter4\framework\system\Database\BaseConnection.php(421): CodeIgniter\Database\MySQLi\Connection->connect(false)
#2 D:\perkuliahan semet 4\praktikum\Webpro\projek_prakweb\32602300066_zidan-syarif\vendor\codeigniter4\framework\system\Database\BaseConnection.php(620): CodeIgniter\Database\BaseConnection->initialize()
#3 D:\perkuliahan semet 4\praktikum\Webpro\projek_prakweb\32602300066_zidan-syarif\vendor\codeigniter4\framework\system\Database\BaseBuilder.php(1649): CodeIgniter\Database\BaseConnection->query('SELECT *\nFROM `...', Array, false)
#4 D:\perkuliahan semet 4\praktikum\Webpro\projek_prakweb\32602300066_zidan-syarif\vendor\codeigniter4\framework\system\Model.php(286): CodeIgniter\Database\BaseBuilder->get()
#5 D:\perkuliahan semet 4\praktikum\Webpro\projek_prakweb\32602300066_zidan-syarif\vendor\codeigniter4\framework\system\BaseModel.php(679): CodeIgniter\Model->doFindAll(0, 0)
#6 D:\perkuliahan semet 4\praktikum\Webpro\projek_prakweb\32602300066_zidan-syarif\app\Controllers\Buku.php(12): CodeIgniter\BaseModel->findAll()
#7 D:\perkuliahan semet 4\praktikum\Webpro\projek_prakweb\32602300066_zidan-syarif\vendor\codeigniter4\framework\system\CodeIgniter.php(933): App\Controllers\Buku->index()
#8 D:\perkuliahan semet 4\praktikum\Webpro\projek_prakweb\32602300066_zidan-syarif\vendor\codeigniter4\framework\system\CodeIgniter.php(507): CodeIgniter\CodeIgniter->runController(Object(App\Controllers\Buku))
#9 D:\perkuliahan semet 4\praktikum\Webpro\projek_prakweb\32602300066_zidan-syarif\vendor\codeigniter4\framework\system\CodeIgniter.php(354): CodeIgniter\CodeIgniter->handleRequest(NULL, Object(Config\Cache), false)
#10 D:\perkuliahan semet 4\praktikum\Webpro\projek_prakweb\32602300066_zidan-syarif\vendor\codeigniter4\framework\system\Boot.php(334): CodeIgniter\CodeIgniter->run()
#11 D:\perkuliahan semet 4\praktikum\Webpro\projek_prakweb\32602300066_zidan-syarif\vendor\codeigniter4\framework\system\Boot.php(67): CodeIgniter\Boot::runCodeIgniter(Object(CodeIgniter\CodeIgniter))
#12 D:\perkuliahan semet 4\praktikum\Webpro\projek_prakweb\32602300066_zidan-syarif\public\index.php(59): CodeIgniter\Boot::bootWeb(Object(Config\Paths))
#13 D:\perkuliahan semet 4\praktikum\Webpro\projek_prakweb\32602300066_zidan-syarif\vendor\codeigniter4\framework\system\rewrite.php(44): require_once('D:\\perkuliahan ...')
#14 {main}

Next CodeIgniter\Database\Exceptions\DatabaseException: Access denied for user ''@'localhost' (using password: NO) in D:\perkuliahan semet 4\praktikum\Webpro\projek_prakweb\32602300066_zidan-syarif\vendor\codeigniter4\framework\system\Database\MySQLi\Connection.php:246
Stack trace:
#0 D:\perkuliahan semet 4\praktikum\Webpro\projek_prakweb\32602300066_zidan-syarif\vendor\codeigniter4\framework\system\Database\BaseConnection.php(421): CodeIgniter\Database\MySQLi\Connection->connect(false)
#1 D:\perkuliahan semet 4\praktikum\Webpro\projek_prakweb\32602300066_zidan-syarif\vendor\codeigniter4\framework\system\Database\BaseConnection.php(620): CodeIgniter\Database\BaseConnection->initialize()
#2 D:\perkuliahan semet 4\praktikum\Webpro\projek_prakweb\32602300066_zidan-syarif\vendor\codeigniter4\framework\system\Database\BaseBuilder.php(1649): CodeIgniter\Database\BaseConnection->query('SELECT *\nFROM `...', Array, false)
#3 D:\perkuliahan semet 4\praktikum\Webpro\projek_prakweb\32602300066_zidan-syarif\vendor\codeigniter4\framework\system\Model.php(286): CodeIgniter\Database\BaseBuilder->get()
#4 D:\perkuliahan semet 4\praktikum\Webpro\projek_prakweb\32602300066_zidan-syarif\vendor\codeigniter4\framework\system\BaseModel.php(679): CodeIgniter\Model->doFindAll(0, 0)
#5 D:\perkuliahan semet 4\praktikum\Webpro\projek_prakweb\32602300066_zidan-syarif\app\Controllers\Buku.php(12): CodeIgniter\BaseModel->findAll()
#6 D:\perkuliahan semet 4\praktikum\Webpro\projek_prakweb\32602300066_zidan-syarif\vendor\codeigniter4\framework\system\CodeIgniter.php(933): App\Controllers\Buku->index()
#7 D:\perkuliahan semet 4\praktikum\Webpro\projek_prakweb\32602300066_zidan-syarif\vendor\codeigniter4\framework\system\CodeIgniter.php(507): CodeIgniter\CodeIgniter->runController(Object(App\Controllers\Buku))
#8 D:\perkuliahan semet 4\praktikum\Webpro\projek_prakweb\32602300066_zidan-syarif\vendor\codeigniter4\framework\system\CodeIgniter.php(354): CodeIgniter\CodeIgniter->handleRequest(NULL, Object(Config\Cache), false)
#9 D:\perkuliahan semet 4\praktikum\Webpro\projek_prakweb\32602300066_zidan-syarif\vendor\codeigniter4\framework\system\Boot.php(334): CodeIgniter\CodeIgniter->run()
#10 D:\perkuliahan semet 4\praktikum\Webpro\projek_prakweb\32602300066_zidan-syarif\vendor\codeigniter4\framework\system\Boot.php(67): CodeIgniter\Boot::runCodeIgniter(Object(CodeIgniter\CodeIgniter))
#11 D:\perkuliahan semet 4\praktikum\Webpro\projek_prakweb\32602300066_zidan-syarif\public\index.php(59): CodeIgniter\Boot::bootWeb(Object(Config\Paths))
#12 D:\perkuliahan semet 4\praktikum\Webpro\projek_prakweb\32602300066_zidan-syarif\vendor\codeigniter4\framework\system\rewrite.php(44): require_once('D:\\perkuliahan ...')
#13 {main}
CRITICAL - 2025-07-25 15:11:29 --> CodeIgniter\Database\Exceptions\DatabaseException: Unable to connect to the database.
Main connection [MySQLi]: Access denied for user ''@'localhost' (using password: NO)
[Method: GET, Route: buku]
in SYSTEMPATH\Database\BaseConnection.php on line 467.
 1 SYSTEMPATH\Database\BaseConnection.php(620): CodeIgniter\Database\BaseConnection->initialize()
 2 SYSTEMPATH\Database\BaseBuilder.php(1649): CodeIgniter\Database\BaseConnection->query('SELECT *
FROM `buku`', [], false)
 3 SYSTEMPATH\Model.php(286): CodeIgniter\Database\BaseBuilder->get()
 4 SYSTEMPATH\BaseModel.php(679): CodeIgniter\Model->doFindAll(0, 0)
 5 APPPATH\Controllers\Buku.php(12): CodeIgniter\BaseModel->findAll()
 6 SYSTEMPATH\CodeIgniter.php(933): App\Controllers\Buku->index()
 7 SYSTEMPATH\CodeIgniter.php(507): CodeIgniter\CodeIgniter->runController(Object(App\Controllers\Buku))
 8 SYSTEMPATH\CodeIgniter.php(354): CodeIgniter\CodeIgniter->handleRequest(null, Object(Config\Cache), false)
 9 SYSTEMPATH\Boot.php(334): CodeIgniter\CodeIgniter->run()
10 SYSTEMPATH\Boot.php(67): CodeIgniter\Boot::runCodeIgniter(Object(CodeIgniter\CodeIgniter))
11 FCPATH\index.php(59): CodeIgniter\Boot::bootWeb(Object(Config\Paths))
12 SYSTEMPATH\rewrite.php(44): require_once('D:\\perkuliahan semet 4\\praktikum\\Webpro\\projek_prakweb\\32602300066_zidan-syarif\\public\\index.php')
ERROR - 2025-07-25 15:11:45 --> Error connecting to the database: mysqli_sql_exception: Access denied for user ''@'localhost' (using password: NO) in D:\perkuliahan semet 4\praktikum\Webpro\projek_prakweb\32602300066_zidan-syarif\vendor\codeigniter4\framework\system\Database\MySQLi\Connection.php:201
Stack trace:
#0 D:\perkuliahan semet 4\praktikum\Webpro\projek_prakweb\32602300066_zidan-syarif\vendor\codeigniter4\framework\system\Database\MySQLi\Connection.php(201): mysqli->real_connect('localhost', '', Object(SensitiveParameterValue), '', 3306, '', 0)
#1 D:\perkuliahan semet 4\praktikum\Webpro\projek_prakweb\32602300066_zidan-syarif\vendor\codeigniter4\framework\system\Database\BaseConnection.php(421): CodeIgniter\Database\MySQLi\Connection->connect(false)
#2 D:\perkuliahan semet 4\praktikum\Webpro\projek_prakweb\32602300066_zidan-syarif\vendor\codeigniter4\framework\system\Database\BaseConnection.php(620): CodeIgniter\Database\BaseConnection->initialize()
#3 D:\perkuliahan semet 4\praktikum\Webpro\projek_prakweb\32602300066_zidan-syarif\vendor\codeigniter4\framework\system\Database\BaseBuilder.php(1649): CodeIgniter\Database\BaseConnection->query('SELECT *\nFROM `...', Array, false)
#4 D:\perkuliahan semet 4\praktikum\Webpro\projek_prakweb\32602300066_zidan-syarif\vendor\codeigniter4\framework\system\Model.php(286): CodeIgniter\Database\BaseBuilder->get()
#5 D:\perkuliahan semet 4\praktikum\Webpro\projek_prakweb\32602300066_zidan-syarif\vendor\codeigniter4\framework\system\BaseModel.php(679): CodeIgniter\Model->doFindAll(0, 0)
#6 D:\perkuliahan semet 4\praktikum\Webpro\projek_prakweb\32602300066_zidan-syarif\app\Controllers\Buku.php(12): CodeIgniter\BaseModel->findAll()
#7 D:\perkuliahan semet 4\praktikum\Webpro\projek_prakweb\32602300066_zidan-syarif\vendor\codeigniter4\framework\system\CodeIgniter.php(933): App\Controllers\Buku->index()
#8 D:\perkuliahan semet 4\praktikum\Webpro\projek_prakweb\32602300066_zidan-syarif\vendor\codeigniter4\framework\system\CodeIgniter.php(507): CodeIgniter\CodeIgniter->runController(Object(App\Controllers\Buku))
#9 D:\perkuliahan semet 4\praktikum\Webpro\projek_prakweb\32602300066_zidan-syarif\vendor\codeigniter4\framework\system\CodeIgniter.php(354): CodeIgniter\CodeIgniter->handleRequest(NULL, Object(Config\Cache), false)
#10 D:\perkuliahan semet 4\praktikum\Webpro\projek_prakweb\32602300066_zidan-syarif\vendor\codeigniter4\framework\system\Boot.php(334): CodeIgniter\CodeIgniter->run()
#11 D:\perkuliahan semet 4\praktikum\Webpro\projek_prakweb\32602300066_zidan-syarif\vendor\codeigniter4\framework\system\Boot.php(67): CodeIgniter\Boot::runCodeIgniter(Object(CodeIgniter\CodeIgniter))
#12 D:\perkuliahan semet 4\praktikum\Webpro\projek_prakweb\32602300066_zidan-syarif\public\index.php(59): CodeIgniter\Boot::bootWeb(Object(Config\Paths))
#13 D:\perkuliahan semet 4\praktikum\Webpro\projek_prakweb\32602300066_zidan-syarif\vendor\codeigniter4\framework\system\rewrite.php(44): require_once('D:\\perkuliahan ...')
#14 {main}

Next CodeIgniter\Database\Exceptions\DatabaseException: Access denied for user ''@'localhost' (using password: NO) in D:\perkuliahan semet 4\praktikum\Webpro\projek_prakweb\32602300066_zidan-syarif\vendor\codeigniter4\framework\system\Database\MySQLi\Connection.php:246
Stack trace:
#0 D:\perkuliahan semet 4\praktikum\Webpro\projek_prakweb\32602300066_zidan-syarif\vendor\codeigniter4\framework\system\Database\BaseConnection.php(421): CodeIgniter\Database\MySQLi\Connection->connect(false)
#1 D:\perkuliahan semet 4\praktikum\Webpro\projek_prakweb\32602300066_zidan-syarif\vendor\codeigniter4\framework\system\Database\BaseConnection.php(620): CodeIgniter\Database\BaseConnection->initialize()
#2 D:\perkuliahan semet 4\praktikum\Webpro\projek_prakweb\32602300066_zidan-syarif\vendor\codeigniter4\framework\system\Database\BaseBuilder.php(1649): CodeIgniter\Database\BaseConnection->query('SELECT *\nFROM `...', Array, false)
#3 D:\perkuliahan semet 4\praktikum\Webpro\projek_prakweb\32602300066_zidan-syarif\vendor\codeigniter4\framework\system\Model.php(286): CodeIgniter\Database\BaseBuilder->get()
#4 D:\perkuliahan semet 4\praktikum\Webpro\projek_prakweb\32602300066_zidan-syarif\vendor\codeigniter4\framework\system\BaseModel.php(679): CodeIgniter\Model->doFindAll(0, 0)
#5 D:\perkuliahan semet 4\praktikum\Webpro\projek_prakweb\32602300066_zidan-syarif\app\Controllers\Buku.php(12): CodeIgniter\BaseModel->findAll()
#6 D:\perkuliahan semet 4\praktikum\Webpro\projek_prakweb\32602300066_zidan-syarif\vendor\codeigniter4\framework\system\CodeIgniter.php(933): App\Controllers\Buku->index()
#7 D:\perkuliahan semet 4\praktikum\Webpro\projek_prakweb\32602300066_zidan-syarif\vendor\codeigniter4\framework\system\CodeIgniter.php(507): CodeIgniter\CodeIgniter->runController(Object(App\Controllers\Buku))
#8 D:\perkuliahan semet 4\praktikum\Webpro\projek_prakweb\32602300066_zidan-syarif\vendor\codeigniter4\framework\system\CodeIgniter.php(354): CodeIgniter\CodeIgniter->handleRequest(NULL, Object(Config\Cache), false)
#9 D:\perkuliahan semet 4\praktikum\Webpro\projek_prakweb\32602300066_zidan-syarif\vendor\codeigniter4\framework\system\Boot.php(334): CodeIgniter\CodeIgniter->run()
#10 D:\perkuliahan semet 4\praktikum\Webpro\projek_prakweb\32602300066_zidan-syarif\vendor\codeigniter4\framework\system\Boot.php(67): CodeIgniter\Boot::runCodeIgniter(Object(CodeIgniter\CodeIgniter))
#11 D:\perkuliahan semet 4\praktikum\Webpro\projek_prakweb\32602300066_zidan-syarif\public\index.php(59): CodeIgniter\Boot::bootWeb(Object(Config\Paths))
#12 D:\perkuliahan semet 4\praktikum\Webpro\projek_prakweb\32602300066_zidan-syarif\vendor\codeigniter4\framework\system\rewrite.php(44): require_once('D:\\perkuliahan ...')
#13 {main}
CRITICAL - 2025-07-25 15:11:45 --> CodeIgniter\Database\Exceptions\DatabaseException: Unable to connect to the database.
Main connection [MySQLi]: Access denied for user ''@'localhost' (using password: NO)
[Method: GET, Route: buku]
in SYSTEMPATH\Database\BaseConnection.php on line 467.
 1 SYSTEMPATH\Database\BaseConnection.php(620): CodeIgniter\Database\BaseConnection->initialize()
 2 SYSTEMPATH\Database\BaseBuilder.php(1649): CodeIgniter\Database\BaseConnection->query('SELECT *
FROM `buku`', [], false)
 3 SYSTEMPATH\Model.php(286): CodeIgniter\Database\BaseBuilder->get()
 4 SYSTEMPATH\BaseModel.php(679): CodeIgniter\Model->doFindAll(0, 0)
 5 APPPATH\Controllers\Buku.php(12): CodeIgniter\BaseModel->findAll()
 6 SYSTEMPATH\CodeIgniter.php(933): App\Controllers\Buku->index()
 7 SYSTEMPATH\CodeIgniter.php(507): CodeIgniter\CodeIgniter->runController(Object(App\Controllers\Buku))
 8 SYSTEMPATH\CodeIgniter.php(354): CodeIgniter\CodeIgniter->handleRequest(null, Object(Config\Cache), false)
 9 SYSTEMPATH\Boot.php(334): CodeIgniter\CodeIgniter->run()
10 SYSTEMPATH\Boot.php(67): CodeIgniter\Boot::runCodeIgniter(Object(CodeIgniter\CodeIgniter))
11 FCPATH\index.php(59): CodeIgniter\Boot::bootWeb(Object(Config\Paths))
12 SYSTEMPATH\rewrite.php(44): require_once('D:\\perkuliahan semet 4\\praktikum\\Webpro\\projek_prakweb\\32602300066_zidan-syarif\\public\\index.php')
ERROR - 2025-07-25 15:12:06 --> Error connecting to the database: mysqli_sql_exception: Access denied for user ''@'localhost' (using password: NO) in D:\perkuliahan semet 4\praktikum\Webpro\projek_prakweb\32602300066_zidan-syarif\vendor\codeigniter4\framework\system\Database\MySQLi\Connection.php:201
Stack trace:
#0 D:\perkuliahan semet 4\praktikum\Webpro\projek_prakweb\32602300066_zidan-syarif\vendor\codeigniter4\framework\system\Database\MySQLi\Connection.php(201): mysqli->real_connect('localhost', '', Object(SensitiveParameterValue), '', 3306, '', 0)
#1 D:\perkuliahan semet 4\praktikum\Webpro\projek_prakweb\32602300066_zidan-syarif\vendor\codeigniter4\framework\system\Database\BaseConnection.php(421): CodeIgniter\Database\MySQLi\Connection->connect(false)
#2 D:\perkuliahan semet 4\praktikum\Webpro\projek_prakweb\32602300066_zidan-syarif\vendor\codeigniter4\framework\system\Database\BaseConnection.php(620): CodeIgniter\Database\BaseConnection->initialize()
#3 D:\perkuliahan semet 4\praktikum\Webpro\projek_prakweb\32602300066_zidan-syarif\vendor\codeigniter4\framework\system\Database\BaseBuilder.php(1649): CodeIgniter\Database\BaseConnection->query('SELECT *\nFROM `...', Array, false)
#4 D:\perkuliahan semet 4\praktikum\Webpro\projek_prakweb\32602300066_zidan-syarif\vendor\codeigniter4\framework\system\Model.php(286): CodeIgniter\Database\BaseBuilder->get()
#5 D:\perkuliahan semet 4\praktikum\Webpro\projek_prakweb\32602300066_zidan-syarif\vendor\codeigniter4\framework\system\BaseModel.php(679): CodeIgniter\Model->doFindAll(0, 0)
#6 D:\perkuliahan semet 4\praktikum\Webpro\projek_prakweb\32602300066_zidan-syarif\app\Controllers\Buku.php(12): CodeIgniter\BaseModel->findAll()
#7 D:\perkuliahan semet 4\praktikum\Webpro\projek_prakweb\32602300066_zidan-syarif\vendor\codeigniter4\framework\system\CodeIgniter.php(933): App\Controllers\Buku->index()
#8 D:\perkuliahan semet 4\praktikum\Webpro\projek_prakweb\32602300066_zidan-syarif\vendor\codeigniter4\framework\system\CodeIgniter.php(507): CodeIgniter\CodeIgniter->runController(Object(App\Controllers\Buku))
#9 D:\perkuliahan semet 4\praktikum\Webpro\projek_prakweb\32602300066_zidan-syarif\vendor\codeigniter4\framework\system\CodeIgniter.php(354): CodeIgniter\CodeIgniter->handleRequest(NULL, Object(Config\Cache), false)
#10 D:\perkuliahan semet 4\praktikum\Webpro\projek_prakweb\32602300066_zidan-syarif\vendor\codeigniter4\framework\system\Boot.php(334): CodeIgniter\CodeIgniter->run()
#11 D:\perkuliahan semet 4\praktikum\Webpro\projek_prakweb\32602300066_zidan-syarif\vendor\codeigniter4\framework\system\Boot.php(67): CodeIgniter\Boot::runCodeIgniter(Object(CodeIgniter\CodeIgniter))
#12 D:\perkuliahan semet 4\praktikum\Webpro\projek_prakweb\32602300066_zidan-syarif\public\index.php(59): CodeIgniter\Boot::bootWeb(Object(Config\Paths))
#13 D:\perkuliahan semet 4\praktikum\Webpro\projek_prakweb\32602300066_zidan-syarif\vendor\codeigniter4\framework\system\rewrite.php(44): require_once('D:\\perkuliahan ...')
#14 {main}

Next CodeIgniter\Database\Exceptions\DatabaseException: Access denied for user ''@'localhost' (using password: NO) in D:\perkuliahan semet 4\praktikum\Webpro\projek_prakweb\32602300066_zidan-syarif\vendor\codeigniter4\framework\system\Database\MySQLi\Connection.php:246
Stack trace:
#0 D:\perkuliahan semet 4\praktikum\Webpro\projek_prakweb\32602300066_zidan-syarif\vendor\codeigniter4\framework\system\Database\BaseConnection.php(421): CodeIgniter\Database\MySQLi\Connection->connect(false)
#1 D:\perkuliahan semet 4\praktikum\Webpro\projek_prakweb\32602300066_zidan-syarif\vendor\codeigniter4\framework\system\Database\BaseConnection.php(620): CodeIgniter\Database\BaseConnection->initialize()
#2 D:\perkuliahan semet 4\praktikum\Webpro\projek_prakweb\32602300066_zidan-syarif\vendor\codeigniter4\framework\system\Database\BaseBuilder.php(1649): CodeIgniter\Database\BaseConnection->query('SELECT *\nFROM `...', Array, false)
#3 D:\perkuliahan semet 4\praktikum\Webpro\projek_prakweb\32602300066_zidan-syarif\vendor\codeigniter4\framework\system\Model.php(286): CodeIgniter\Database\BaseBuilder->get()
#4 D:\perkuliahan semet 4\praktikum\Webpro\projek_prakweb\32602300066_zidan-syarif\vendor\codeigniter4\framework\system\BaseModel.php(679): CodeIgniter\Model->doFindAll(0, 0)
#5 D:\perkuliahan semet 4\praktikum\Webpro\projek_prakweb\32602300066_zidan-syarif\app\Controllers\Buku.php(12): CodeIgniter\BaseModel->findAll()
#6 D:\perkuliahan semet 4\praktikum\Webpro\projek_prakweb\32602300066_zidan-syarif\vendor\codeigniter4\framework\system\CodeIgniter.php(933): App\Controllers\Buku->index()
#7 D:\perkuliahan semet 4\praktikum\Webpro\projek_prakweb\32602300066_zidan-syarif\vendor\codeigniter4\framework\system\CodeIgniter.php(507): CodeIgniter\CodeIgniter->runController(Object(App\Controllers\Buku))
#8 D:\perkuliahan semet 4\praktikum\Webpro\projek_prakweb\32602300066_zidan-syarif\vendor\codeigniter4\framework\system\CodeIgniter.php(354): CodeIgniter\CodeIgniter->handleRequest(NULL, Object(Config\Cache), false)
#9 D:\perkuliahan semet 4\praktikum\Webpro\projek_prakweb\32602300066_zidan-syarif\vendor\codeigniter4\framework\system\Boot.php(334): CodeIgniter\CodeIgniter->run()
#10 D:\perkuliahan semet 4\praktikum\Webpro\projek_prakweb\32602300066_zidan-syarif\vendor\codeigniter4\framework\system\Boot.php(67): CodeIgniter\Boot::runCodeIgniter(Object(CodeIgniter\CodeIgniter))
#11 D:\perkuliahan semet 4\praktikum\Webpro\projek_prakweb\32602300066_zidan-syarif\public\index.php(59): CodeIgniter\Boot::bootWeb(Object(Config\Paths))
#12 D:\perkuliahan semet 4\praktikum\Webpro\projek_prakweb\32602300066_zidan-syarif\vendor\codeigniter4\framework\system\rewrite.php(44): require_once('D:\\perkuliahan ...')
#13 {main}
CRITICAL - 2025-07-25 15:12:06 --> CodeIgniter\Database\Exceptions\DatabaseException: Unable to connect to the database.
Main connection [MySQLi]: Access denied for user ''@'localhost' (using password: NO)
[Method: GET, Route: buku]
in SYSTEMPATH\Database\BaseConnection.php on line 467.
 1 SYSTEMPATH\Database\BaseConnection.php(620): CodeIgniter\Database\BaseConnection->initialize()
 2 SYSTEMPATH\Database\BaseBuilder.php(1649): CodeIgniter\Database\BaseConnection->query('SELECT *
FROM `buku`', [], false)
 3 SYSTEMPATH\Model.php(286): CodeIgniter\Database\BaseBuilder->get()
 4 SYSTEMPATH\BaseModel.php(679): CodeIgniter\Model->doFindAll(0, 0)
 5 APPPATH\Controllers\Buku.php(12): CodeIgniter\BaseModel->findAll()
 6 SYSTEMPATH\CodeIgniter.php(933): App\Controllers\Buku->index()
 7 SYSTEMPATH\CodeIgniter.php(507): CodeIgniter\CodeIgniter->runController(Object(App\Controllers\Buku))
 8 SYSTEMPATH\CodeIgniter.php(354): CodeIgniter\CodeIgniter->handleRequest(null, Object(Config\Cache), false)
 9 SYSTEMPATH\Boot.php(334): CodeIgniter\CodeIgniter->run()
10 SYSTEMPATH\Boot.php(67): CodeIgniter\Boot::runCodeIgniter(Object(CodeIgniter\CodeIgniter))
11 FCPATH\index.php(59): CodeIgniter\Boot::bootWeb(Object(Config\Paths))
12 SYSTEMPATH\rewrite.php(44): require_once('D:\\perkuliahan semet 4\\praktikum\\Webpro\\projek_prakweb\\32602300066_zidan-syarif\\public\\index.php')
ERROR - 2025-07-25 15:12:40 --> Error connecting to the database: mysqli_sql_exception: Access denied for user ''@'localhost' (using password: NO) in D:\perkuliahan semet 4\praktikum\Webpro\projek_prakweb\32602300066_zidan-syarif\vendor\codeigniter4\framework\system\Database\MySQLi\Connection.php:201
Stack trace:
#0 D:\perkuliahan semet 4\praktikum\Webpro\projek_prakweb\32602300066_zidan-syarif\vendor\codeigniter4\framework\system\Database\MySQLi\Connection.php(201): mysqli->real_connect('localhost', '', Object(SensitiveParameterValue), '', 3306, '', 0)
#1 D:\perkuliahan semet 4\praktikum\Webpro\projek_prakweb\32602300066_zidan-syarif\vendor\codeigniter4\framework\system\Database\BaseConnection.php(421): CodeIgniter\Database\MySQLi\Connection->connect(false)
#2 D:\perkuliahan semet 4\praktikum\Webpro\projek_prakweb\32602300066_zidan-syarif\vendor\codeigniter4\framework\system\Database\BaseConnection.php(620): CodeIgniter\Database\BaseConnection->initialize()
#3 D:\perkuliahan semet 4\praktikum\Webpro\projek_prakweb\32602300066_zidan-syarif\vendor\codeigniter4\framework\system\Database\BaseBuilder.php(1649): CodeIgniter\Database\BaseConnection->query('SELECT *\nFROM `...', Array, false)
#4 D:\perkuliahan semet 4\praktikum\Webpro\projek_prakweb\32602300066_zidan-syarif\vendor\codeigniter4\framework\system\Model.php(286): CodeIgniter\Database\BaseBuilder->get()
#5 D:\perkuliahan semet 4\praktikum\Webpro\projek_prakweb\32602300066_zidan-syarif\vendor\codeigniter4\framework\system\BaseModel.php(679): CodeIgniter\Model->doFindAll(0, 0)
#6 D:\perkuliahan semet 4\praktikum\Webpro\projek_prakweb\32602300066_zidan-syarif\app\Controllers\Crud.php(13): CodeIgniter\BaseModel->findAll()
#7 D:\perkuliahan semet 4\praktikum\Webpro\projek_prakweb\32602300066_zidan-syarif\vendor\codeigniter4\framework\system\CodeIgniter.php(933): App\Controllers\Crud->index()
#8 D:\perkuliahan semet 4\praktikum\Webpro\projek_prakweb\32602300066_zidan-syarif\vendor\codeigniter4\framework\system\CodeIgniter.php(507): CodeIgniter\CodeIgniter->runController(Object(App\Controllers\Crud))
#9 D:\perkuliahan semet 4\praktikum\Webpro\projek_prakweb\32602300066_zidan-syarif\vendor\codeigniter4\framework\system\CodeIgniter.php(354): CodeIgniter\CodeIgniter->handleRequest(NULL, Object(Config\Cache), false)
#10 D:\perkuliahan semet 4\praktikum\Webpro\projek_prakweb\32602300066_zidan-syarif\vendor\codeigniter4\framework\system\Boot.php(334): CodeIgniter\CodeIgniter->run()
#11 D:\perkuliahan semet 4\praktikum\Webpro\projek_prakweb\32602300066_zidan-syarif\vendor\codeigniter4\framework\system\Boot.php(67): CodeIgniter\Boot::runCodeIgniter(Object(CodeIgniter\CodeIgniter))
#12 D:\perkuliahan semet 4\praktikum\Webpro\projek_prakweb\32602300066_zidan-syarif\public\index.php(59): CodeIgniter\Boot::bootWeb(Object(Config\Paths))
#13 D:\perkuliahan semet 4\praktikum\Webpro\projek_prakweb\32602300066_zidan-syarif\vendor\codeigniter4\framework\system\rewrite.php(44): require_once('D:\\perkuliahan ...')
#14 {main}

Next CodeIgniter\Database\Exceptions\DatabaseException: Access denied for user ''@'localhost' (using password: NO) in D:\perkuliahan semet 4\praktikum\Webpro\projek_prakweb\32602300066_zidan-syarif\vendor\codeigniter4\framework\system\Database\MySQLi\Connection.php:246
Stack trace:
#0 D:\perkuliahan semet 4\praktikum\Webpro\projek_prakweb\32602300066_zidan-syarif\vendor\codeigniter4\framework\system\Database\BaseConnection.php(421): CodeIgniter\Database\MySQLi\Connection->connect(false)
#1 D:\perkuliahan semet 4\praktikum\Webpro\projek_prakweb\32602300066_zidan-syarif\vendor\codeigniter4\framework\system\Database\BaseConnection.php(620): CodeIgniter\Database\BaseConnection->initialize()
#2 D:\perkuliahan semet 4\praktikum\Webpro\projek_prakweb\32602300066_zidan-syarif\vendor\codeigniter4\framework\system\Database\BaseBuilder.php(1649): CodeIgniter\Database\BaseConnection->query('SELECT *\nFROM `...', Array, false)
#3 D:\perkuliahan semet 4\praktikum\Webpro\projek_prakweb\32602300066_zidan-syarif\vendor\codeigniter4\framework\system\Model.php(286): CodeIgniter\Database\BaseBuilder->get()
#4 D:\perkuliahan semet 4\praktikum\Webpro\projek_prakweb\32602300066_zidan-syarif\vendor\codeigniter4\framework\system\BaseModel.php(679): CodeIgniter\Model->doFindAll(0, 0)
#5 D:\perkuliahan semet 4\praktikum\Webpro\projek_prakweb\32602300066_zidan-syarif\app\Controllers\Crud.php(13): CodeIgniter\BaseModel->findAll()
#6 D:\perkuliahan semet 4\praktikum\Webpro\projek_prakweb\32602300066_zidan-syarif\vendor\codeigniter4\framework\system\CodeIgniter.php(933): App\Controllers\Crud->index()
#7 D:\perkuliahan semet 4\praktikum\Webpro\projek_prakweb\32602300066_zidan-syarif\vendor\codeigniter4\framework\system\CodeIgniter.php(507): CodeIgniter\CodeIgniter->runController(Object(App\Controllers\Crud))
#8 D:\perkuliahan semet 4\praktikum\Webpro\projek_prakweb\32602300066_zidan-syarif\vendor\codeigniter4\framework\system\CodeIgniter.php(354): CodeIgniter\CodeIgniter->handleRequest(NULL, Object(Config\Cache), false)
#9 D:\perkuliahan semet 4\praktikum\Webpro\projek_prakweb\32602300066_zidan-syarif\vendor\codeigniter4\framework\system\Boot.php(334): CodeIgniter\CodeIgniter->run()
#10 D:\perkuliahan semet 4\praktikum\Webpro\projek_prakweb\32602300066_zidan-syarif\vendor\codeigniter4\framework\system\Boot.php(67): CodeIgniter\Boot::runCodeIgniter(Object(CodeIgniter\CodeIgniter))
#11 D:\perkuliahan semet 4\praktikum\Webpro\projek_prakweb\32602300066_zidan-syarif\public\index.php(59): CodeIgniter\Boot::bootWeb(Object(Config\Paths))
#12 D:\perkuliahan semet 4\praktikum\Webpro\projek_prakweb\32602300066_zidan-syarif\vendor\codeigniter4\framework\system\rewrite.php(44): require_once('D:\\perkuliahan ...')
#13 {main}
CRITICAL - 2025-07-25 15:12:40 --> CodeIgniter\Database\Exceptions\DatabaseException: Unable to connect to the database.
Main connection [MySQLi]: Access denied for user ''@'localhost' (using password: NO)
[Method: GET, Route: crud]
in SYSTEMPATH\Database\BaseConnection.php on line 467.
 1 SYSTEMPATH\Database\BaseConnection.php(620): CodeIgniter\Database\BaseConnection->initialize()
 2 SYSTEMPATH\Database\BaseBuilder.php(1649): CodeIgniter\Database\BaseConnection->query('SELECT *
FROM `tb_mahasiswa`', [], false)
 3 SYSTEMPATH\Model.php(286): CodeIgniter\Database\BaseBuilder->get()
 4 SYSTEMPATH\BaseModel.php(679): CodeIgniter\Model->doFindAll(0, 0)
 5 APPPATH\Controllers\Crud.php(13): CodeIgniter\BaseModel->findAll()
 6 SYSTEMPATH\CodeIgniter.php(933): App\Controllers\Crud->index()
 7 SYSTEMPATH\CodeIgniter.php(507): CodeIgniter\CodeIgniter->runController(Object(App\Controllers\Crud))
 8 SYSTEMPATH\CodeIgniter.php(354): CodeIgniter\CodeIgniter->handleRequest(null, Object(Config\Cache), false)
 9 SYSTEMPATH\Boot.php(334): CodeIgniter\CodeIgniter->run()
10 SYSTEMPATH\Boot.php(67): CodeIgniter\Boot::runCodeIgniter(Object(CodeIgniter\CodeIgniter))
11 FCPATH\index.php(59): CodeIgniter\Boot::bootWeb(Object(Config\Paths))
12 SYSTEMPATH\rewrite.php(44): require_once('D:\\perkuliahan semet 4\\praktikum\\Webpro\\projek_prakweb\\32602300066_zidan-syarif\\public\\index.php')
ERROR - 2025-07-25 15:12:40 --> Error connecting to the database: mysqli_sql_exception: Access denied for user ''@'localhost' (using password: NO) in D:\perkuliahan semet 4\praktikum\Webpro\projek_prakweb\32602300066_zidan-syarif\vendor\codeigniter4\framework\system\Database\MySQLi\Connection.php:201
Stack trace:
#0 D:\perkuliahan semet 4\praktikum\Webpro\projek_prakweb\32602300066_zidan-syarif\vendor\codeigniter4\framework\system\Database\MySQLi\Connection.php(201): mysqli->real_connect('localhost', '', Object(SensitiveParameterValue), '', 3306, '', 0)
#1 D:\perkuliahan semet 4\praktikum\Webpro\projek_prakweb\32602300066_zidan-syarif\vendor\codeigniter4\framework\system\Database\BaseConnection.php(421): CodeIgniter\Database\MySQLi\Connection->connect(false)
#2 D:\perkuliahan semet 4\praktikum\Webpro\projek_prakweb\32602300066_zidan-syarif\vendor\codeigniter4\framework\system\Database\BaseConnection.php(620): CodeIgniter\Database\BaseConnection->initialize()
#3 D:\perkuliahan semet 4\praktikum\Webpro\projek_prakweb\32602300066_zidan-syarif\vendor\codeigniter4\framework\system\Database\BaseBuilder.php(1649): CodeIgniter\Database\BaseConnection->query('SELECT *\nFROM `...', Array, false)
#4 D:\perkuliahan semet 4\praktikum\Webpro\projek_prakweb\32602300066_zidan-syarif\vendor\codeigniter4\framework\system\Model.php(286): CodeIgniter\Database\BaseBuilder->get()
#5 D:\perkuliahan semet 4\praktikum\Webpro\projek_prakweb\32602300066_zidan-syarif\vendor\codeigniter4\framework\system\BaseModel.php(679): CodeIgniter\Model->doFindAll(0, 0)
#6 D:\perkuliahan semet 4\praktikum\Webpro\projek_prakweb\32602300066_zidan-syarif\app\Controllers\Crud.php(13): CodeIgniter\BaseModel->findAll()
#7 D:\perkuliahan semet 4\praktikum\Webpro\projek_prakweb\32602300066_zidan-syarif\vendor\codeigniter4\framework\system\CodeIgniter.php(933): App\Controllers\Crud->index()
#8 D:\perkuliahan semet 4\praktikum\Webpro\projek_prakweb\32602300066_zidan-syarif\vendor\codeigniter4\framework\system\CodeIgniter.php(507): CodeIgniter\CodeIgniter->runController(Object(App\Controllers\Crud))
#9 D:\perkuliahan semet 4\praktikum\Webpro\projek_prakweb\32602300066_zidan-syarif\vendor\codeigniter4\framework\system\CodeIgniter.php(354): CodeIgniter\CodeIgniter->handleRequest(NULL, Object(Config\Cache), false)
#10 D:\perkuliahan semet 4\praktikum\Webpro\projek_prakweb\32602300066_zidan-syarif\vendor\codeigniter4\framework\system\Boot.php(334): CodeIgniter\CodeIgniter->run()
#11 D:\perkuliahan semet 4\praktikum\Webpro\projek_prakweb\32602300066_zidan-syarif\vendor\codeigniter4\framework\system\Boot.php(67): CodeIgniter\Boot::runCodeIgniter(Object(CodeIgniter\CodeIgniter))
#12 D:\perkuliahan semet 4\praktikum\Webpro\projek_prakweb\32602300066_zidan-syarif\public\index.php(59): CodeIgniter\Boot::bootWeb(Object(Config\Paths))
#13 D:\perkuliahan semet 4\praktikum\Webpro\projek_prakweb\32602300066_zidan-syarif\vendor\codeigniter4\framework\system\rewrite.php(44): require_once('D:\\perkuliahan ...')
#14 {main}

Next CodeIgniter\Database\Exceptions\DatabaseException: Access denied for user ''@'localhost' (using password: NO) in D:\perkuliahan semet 4\praktikum\Webpro\projek_prakweb\32602300066_zidan-syarif\vendor\codeigniter4\framework\system\Database\MySQLi\Connection.php:246
Stack trace:
#0 D:\perkuliahan semet 4\praktikum\Webpro\projek_prakweb\32602300066_zidan-syarif\vendor\codeigniter4\framework\system\Database\BaseConnection.php(421): CodeIgniter\Database\MySQLi\Connection->connect(false)
#1 D:\perkuliahan semet 4\praktikum\Webpro\projek_prakweb\32602300066_zidan-syarif\vendor\codeigniter4\framework\system\Database\BaseConnection.php(620): CodeIgniter\Database\BaseConnection->initialize()
#2 D:\perkuliahan semet 4\praktikum\Webpro\projek_prakweb\32602300066_zidan-syarif\vendor\codeigniter4\framework\system\Database\BaseBuilder.php(1649): CodeIgniter\Database\BaseConnection->query('SELECT *\nFROM `...', Array, false)
#3 D:\perkuliahan semet 4\praktikum\Webpro\projek_prakweb\32602300066_zidan-syarif\vendor\codeigniter4\framework\system\Model.php(286): CodeIgniter\Database\BaseBuilder->get()
#4 D:\perkuliahan semet 4\praktikum\Webpro\projek_prakweb\32602300066_zidan-syarif\vendor\codeigniter4\framework\system\BaseModel.php(679): CodeIgniter\Model->doFindAll(0, 0)
#5 D:\perkuliahan semet 4\praktikum\Webpro\projek_prakweb\32602300066_zidan-syarif\app\Controllers\Crud.php(13): CodeIgniter\BaseModel->findAll()
#6 D:\perkuliahan semet 4\praktikum\Webpro\projek_prakweb\32602300066_zidan-syarif\vendor\codeigniter4\framework\system\CodeIgniter.php(933): App\Controllers\Crud->index()
#7 D:\perkuliahan semet 4\praktikum\Webpro\projek_prakweb\32602300066_zidan-syarif\vendor\codeigniter4\framework\system\CodeIgniter.php(507): CodeIgniter\CodeIgniter->runController(Object(App\Controllers\Crud))
#8 D:\perkuliahan semet 4\praktikum\Webpro\projek_prakweb\32602300066_zidan-syarif\vendor\codeigniter4\framework\system\CodeIgniter.php(354): CodeIgniter\CodeIgniter->handleRequest(NULL, Object(Config\Cache), false)
#9 D:\perkuliahan semet 4\praktikum\Webpro\projek_prakweb\32602300066_zidan-syarif\vendor\codeigniter4\framework\system\Boot.php(334): CodeIgniter\CodeIgniter->run()
#10 D:\perkuliahan semet 4\praktikum\Webpro\projek_prakweb\32602300066_zidan-syarif\vendor\codeigniter4\framework\system\Boot.php(67): CodeIgniter\Boot::runCodeIgniter(Object(CodeIgniter\CodeIgniter))
#11 D:\perkuliahan semet 4\praktikum\Webpro\projek_prakweb\32602300066_zidan-syarif\public\index.php(59): CodeIgniter\Boot::bootWeb(Object(Config\Paths))
#12 D:\perkuliahan semet 4\praktikum\Webpro\projek_prakweb\32602300066_zidan-syarif\vendor\codeigniter4\framework\system\rewrite.php(44): require_once('D:\\perkuliahan ...')
#13 {main}
CRITICAL - 2025-07-25 15:12:40 --> CodeIgniter\Database\Exceptions\DatabaseException: Unable to connect to the database.
Main connection [MySQLi]: Access denied for user ''@'localhost' (using password: NO)
[Method: GET, Route: crud]
in SYSTEMPATH\Database\BaseConnection.php on line 467.
 1 SYSTEMPATH\Database\BaseConnection.php(620): CodeIgniter\Database\BaseConnection->initialize()
 2 SYSTEMPATH\Database\BaseBuilder.php(1649): CodeIgniter\Database\BaseConnection->query('SELECT *
FROM `tb_mahasiswa`', [], false)
 3 SYSTEMPATH\Model.php(286): CodeIgniter\Database\BaseBuilder->get()
 4 SYSTEMPATH\BaseModel.php(679): CodeIgniter\Model->doFindAll(0, 0)
 5 APPPATH\Controllers\Crud.php(13): CodeIgniter\BaseModel->findAll()
 6 SYSTEMPATH\CodeIgniter.php(933): App\Controllers\Crud->index()
 7 SYSTEMPATH\CodeIgniter.php(507): CodeIgniter\CodeIgniter->runController(Object(App\Controllers\Crud))
 8 SYSTEMPATH\CodeIgniter.php(354): CodeIgniter\CodeIgniter->handleRequest(null, Object(Config\Cache), false)
 9 SYSTEMPATH\Boot.php(334): CodeIgniter\CodeIgniter->run()
10 SYSTEMPATH\Boot.php(67): CodeIgniter\Boot::runCodeIgniter(Object(CodeIgniter\CodeIgniter))
11 FCPATH\index.php(59): CodeIgniter\Boot::bootWeb(Object(Config\Paths))
12 SYSTEMPATH\rewrite.php(44): require_once('D:\\perkuliahan semet 4\\praktikum\\Webpro\\projek_prakweb\\32602300066_zidan-syarif\\public\\index.php')
ERROR - 2025-07-25 15:12:44 --> Error connecting to the database: mysqli_sql_exception: Access denied for user ''@'localhost' (using password: NO) in D:\perkuliahan semet 4\praktikum\Webpro\projek_prakweb\32602300066_zidan-syarif\vendor\codeigniter4\framework\system\Database\MySQLi\Connection.php:201
Stack trace:
#0 D:\perkuliahan semet 4\praktikum\Webpro\projek_prakweb\32602300066_zidan-syarif\vendor\codeigniter4\framework\system\Database\MySQLi\Connection.php(201): mysqli->real_connect('localhost', '', Object(SensitiveParameterValue), '', 3306, '', 0)
#1 D:\perkuliahan semet 4\praktikum\Webpro\projek_prakweb\32602300066_zidan-syarif\vendor\codeigniter4\framework\system\Database\BaseConnection.php(421): CodeIgniter\Database\MySQLi\Connection->connect(false)
#2 D:\perkuliahan semet 4\praktikum\Webpro\projek_prakweb\32602300066_zidan-syarif\vendor\codeigniter4\framework\system\Database\BaseConnection.php(620): CodeIgniter\Database\BaseConnection->initialize()
#3 D:\perkuliahan semet 4\praktikum\Webpro\projek_prakweb\32602300066_zidan-syarif\vendor\codeigniter4\framework\system\Database\BaseBuilder.php(1649): CodeIgniter\Database\BaseConnection->query('SELECT *\nFROM `...', Array, false)
#4 D:\perkuliahan semet 4\praktikum\Webpro\projek_prakweb\32602300066_zidan-syarif\vendor\codeigniter4\framework\system\Model.php(286): CodeIgniter\Database\BaseBuilder->get()
#5 D:\perkuliahan semet 4\praktikum\Webpro\projek_prakweb\32602300066_zidan-syarif\vendor\codeigniter4\framework\system\BaseModel.php(679): CodeIgniter\Model->doFindAll(0, 0)
#6 D:\perkuliahan semet 4\praktikum\Webpro\projek_prakweb\32602300066_zidan-syarif\app\Controllers\Crud.php(13): CodeIgniter\BaseModel->findAll()
#7 D:\perkuliahan semet 4\praktikum\Webpro\projek_prakweb\32602300066_zidan-syarif\vendor\codeigniter4\framework\system\CodeIgniter.php(933): App\Controllers\Crud->index()
#8 D:\perkuliahan semet 4\praktikum\Webpro\projek_prakweb\32602300066_zidan-syarif\vendor\codeigniter4\framework\system\CodeIgniter.php(507): CodeIgniter\CodeIgniter->runController(Object(App\Controllers\Crud))
#9 D:\perkuliahan semet 4\praktikum\Webpro\projek_prakweb\32602300066_zidan-syarif\vendor\codeigniter4\framework\system\CodeIgniter.php(354): CodeIgniter\CodeIgniter->handleRequest(NULL, Object(Config\Cache), false)
#10 D:\perkuliahan semet 4\praktikum\Webpro\projek_prakweb\32602300066_zidan-syarif\vendor\codeigniter4\framework\system\Boot.php(334): CodeIgniter\CodeIgniter->run()
#11 D:\perkuliahan semet 4\praktikum\Webpro\projek_prakweb\32602300066_zidan-syarif\vendor\codeigniter4\framework\system\Boot.php(67): CodeIgniter\Boot::runCodeIgniter(Object(CodeIgniter\CodeIgniter))
#12 D:\perkuliahan semet 4\praktikum\Webpro\projek_prakweb\32602300066_zidan-syarif\public\index.php(59): CodeIgniter\Boot::bootWeb(Object(Config\Paths))
#13 D:\perkuliahan semet 4\praktikum\Webpro\projek_prakweb\32602300066_zidan-syarif\vendor\codeigniter4\framework\system\rewrite.php(44): require_once('D:\\perkuliahan ...')
#14 {main}

Next CodeIgniter\Database\Exceptions\DatabaseException: Access denied for user ''@'localhost' (using password: NO) in D:\perkuliahan semet 4\praktikum\Webpro\projek_prakweb\32602300066_zidan-syarif\vendor\codeigniter4\framework\system\Database\MySQLi\Connection.php:246
Stack trace:
#0 D:\perkuliahan semet 4\praktikum\Webpro\projek_prakweb\32602300066_zidan-syarif\vendor\codeigniter4\framework\system\Database\BaseConnection.php(421): CodeIgniter\Database\MySQLi\Connection->connect(false)
#1 D:\perkuliahan semet 4\praktikum\Webpro\projek_prakweb\32602300066_zidan-syarif\vendor\codeigniter4\framework\system\Database\BaseConnection.php(620): CodeIgniter\Database\BaseConnection->initialize()
#2 D:\perkuliahan semet 4\praktikum\Webpro\projek_prakweb\32602300066_zidan-syarif\vendor\codeigniter4\framework\system\Database\BaseBuilder.php(1649): CodeIgniter\Database\BaseConnection->query('SELECT *\nFROM `...', Array, false)
#3 D:\perkuliahan semet 4\praktikum\Webpro\projek_prakweb\32602300066_zidan-syarif\vendor\codeigniter4\framework\system\Model.php(286): CodeIgniter\Database\BaseBuilder->get()
#4 D:\perkuliahan semet 4\praktikum\Webpro\projek_prakweb\32602300066_zidan-syarif\vendor\codeigniter4\framework\system\BaseModel.php(679): CodeIgniter\Model->doFindAll(0, 0)
#5 D:\perkuliahan semet 4\praktikum\Webpro\projek_prakweb\32602300066_zidan-syarif\app\Controllers\Crud.php(13): CodeIgniter\BaseModel->findAll()
#6 D:\perkuliahan semet 4\praktikum\Webpro\projek_prakweb\32602300066_zidan-syarif\vendor\codeigniter4\framework\system\CodeIgniter.php(933): App\Controllers\Crud->index()
#7 D:\perkuliahan semet 4\praktikum\Webpro\projek_prakweb\32602300066_zidan-syarif\vendor\codeigniter4\framework\system\CodeIgniter.php(507): CodeIgniter\CodeIgniter->runController(Object(App\Controllers\Crud))
#8 D:\perkuliahan semet 4\praktikum\Webpro\projek_prakweb\32602300066_zidan-syarif\vendor\codeigniter4\framework\system\CodeIgniter.php(354): CodeIgniter\CodeIgniter->handleRequest(NULL, Object(Config\Cache), false)
#9 D:\perkuliahan semet 4\praktikum\Webpro\projek_prakweb\32602300066_zidan-syarif\vendor\codeigniter4\framework\system\Boot.php(334): CodeIgniter\CodeIgniter->run()
#10 D:\perkuliahan semet 4\praktikum\Webpro\projek_prakweb\32602300066_zidan-syarif\vendor\codeigniter4\framework\system\Boot.php(67): CodeIgniter\Boot::runCodeIgniter(Object(CodeIgniter\CodeIgniter))
#11 D:\perkuliahan semet 4\praktikum\Webpro\projek_prakweb\32602300066_zidan-syarif\public\index.php(59): CodeIgniter\Boot::bootWeb(Object(Config\Paths))
#12 D:\perkuliahan semet 4\praktikum\Webpro\projek_prakweb\32602300066_zidan-syarif\vendor\codeigniter4\framework\system\rewrite.php(44): require_once('D:\\perkuliahan ...')
#13 {main}
CRITICAL - 2025-07-25 15:12:44 --> CodeIgniter\Database\Exceptions\DatabaseException: Unable to connect to the database.
Main connection [MySQLi]: Access denied for user ''@'localhost' (using password: NO)
[Method: GET, Route: crud]
in SYSTEMPATH\Database\BaseConnection.php on line 467.
 1 SYSTEMPATH\Database\BaseConnection.php(620): CodeIgniter\Database\BaseConnection->initialize()
 2 SYSTEMPATH\Database\BaseBuilder.php(1649): CodeIgniter\Database\BaseConnection->query('SELECT *
FROM `tb_mahasiswa`', [], false)
 3 SYSTEMPATH\Model.php(286): CodeIgniter\Database\BaseBuilder->get()
 4 SYSTEMPATH\BaseModel.php(679): CodeIgniter\Model->doFindAll(0, 0)
 5 APPPATH\Controllers\Crud.php(13): CodeIgniter\BaseModel->findAll()
 6 SYSTEMPATH\CodeIgniter.php(933): App\Controllers\Crud->index()
 7 SYSTEMPATH\CodeIgniter.php(507): CodeIgniter\CodeIgniter->runController(Object(App\Controllers\Crud))
 8 SYSTEMPATH\CodeIgniter.php(354): CodeIgniter\CodeIgniter->handleRequest(null, Object(Config\Cache), false)
 9 SYSTEMPATH\Boot.php(334): CodeIgniter\CodeIgniter->run()
10 SYSTEMPATH\Boot.php(67): CodeIgniter\Boot::runCodeIgniter(Object(CodeIgniter\CodeIgniter))
11 FCPATH\index.php(59): CodeIgniter\Boot::bootWeb(Object(Config\Paths))
12 SYSTEMPATH\rewrite.php(44): require_once('D:\\perkuliahan semet 4\\praktikum\\Webpro\\projek_prakweb\\32602300066_zidan-syarif\\public\\index.php')
ERROR - 2025-07-25 15:12:47 --> Error connecting to the database: mysqli_sql_exception: Access denied for user ''@'localhost' (using password: NO) in D:\perkuliahan semet 4\praktikum\Webpro\projek_prakweb\32602300066_zidan-syarif\vendor\codeigniter4\framework\system\Database\MySQLi\Connection.php:201
Stack trace:
#0 D:\perkuliahan semet 4\praktikum\Webpro\projek_prakweb\32602300066_zidan-syarif\vendor\codeigniter4\framework\system\Database\MySQLi\Connection.php(201): mysqli->real_connect('localhost', '', Object(SensitiveParameterValue), '', 3306, '', 0)
#1 D:\perkuliahan semet 4\praktikum\Webpro\projek_prakweb\32602300066_zidan-syarif\vendor\codeigniter4\framework\system\Database\BaseConnection.php(421): CodeIgniter\Database\MySQLi\Connection->connect(false)
#2 D:\perkuliahan semet 4\praktikum\Webpro\projek_prakweb\32602300066_zidan-syarif\vendor\codeigniter4\framework\system\Database\BaseConnection.php(620): CodeIgniter\Database\BaseConnection->initialize()
#3 D:\perkuliahan semet 4\praktikum\Webpro\projek_prakweb\32602300066_zidan-syarif\vendor\codeigniter4\framework\system\Database\BaseBuilder.php(1649): CodeIgniter\Database\BaseConnection->query('SELECT *\nFROM `...', Array, false)
#4 D:\perkuliahan semet 4\praktikum\Webpro\projek_prakweb\32602300066_zidan-syarif\vendor\codeigniter4\framework\system\Model.php(286): CodeIgniter\Database\BaseBuilder->get()
#5 D:\perkuliahan semet 4\praktikum\Webpro\projek_prakweb\32602300066_zidan-syarif\vendor\codeigniter4\framework\system\BaseModel.php(679): CodeIgniter\Model->doFindAll(0, 0)
#6 D:\perkuliahan semet 4\praktikum\Webpro\projek_prakweb\32602300066_zidan-syarif\app\Controllers\Crud.php(13): CodeIgniter\BaseModel->findAll()
#7 D:\perkuliahan semet 4\praktikum\Webpro\projek_prakweb\32602300066_zidan-syarif\vendor\codeigniter4\framework\system\CodeIgniter.php(933): App\Controllers\Crud->index()
#8 D:\perkuliahan semet 4\praktikum\Webpro\projek_prakweb\32602300066_zidan-syarif\vendor\codeigniter4\framework\system\CodeIgniter.php(507): CodeIgniter\CodeIgniter->runController(Object(App\Controllers\Crud))
#9 D:\perkuliahan semet 4\praktikum\Webpro\projek_prakweb\32602300066_zidan-syarif\vendor\codeigniter4\framework\system\CodeIgniter.php(354): CodeIgniter\CodeIgniter->handleRequest(NULL, Object(Config\Cache), false)
#10 D:\perkuliahan semet 4\praktikum\Webpro\projek_prakweb\32602300066_zidan-syarif\vendor\codeigniter4\framework\system\Boot.php(334): CodeIgniter\CodeIgniter->run()
#11 D:\perkuliahan semet 4\praktikum\Webpro\projek_prakweb\32602300066_zidan-syarif\vendor\codeigniter4\framework\system\Boot.php(67): CodeIgniter\Boot::runCodeIgniter(Object(CodeIgniter\CodeIgniter))
#12 D:\perkuliahan semet 4\praktikum\Webpro\projek_prakweb\32602300066_zidan-syarif\public\index.php(59): CodeIgniter\Boot::bootWeb(Object(Config\Paths))
#13 D:\perkuliahan semet 4\praktikum\Webpro\projek_prakweb\32602300066_zidan-syarif\vendor\codeigniter4\framework\system\rewrite.php(44): require_once('D:\\perkuliahan ...')
#14 {main}

Next CodeIgniter\Database\Exceptions\DatabaseException: Access denied for user ''@'localhost' (using password: NO) in D:\perkuliahan semet 4\praktikum\Webpro\projek_prakweb\32602300066_zidan-syarif\vendor\codeigniter4\framework\system\Database\MySQLi\Connection.php:246
Stack trace:
#0 D:\perkuliahan semet 4\praktikum\Webpro\projek_prakweb\32602300066_zidan-syarif\vendor\codeigniter4\framework\system\Database\BaseConnection.php(421): CodeIgniter\Database\MySQLi\Connection->connect(false)
#1 D:\perkuliahan semet 4\praktikum\Webpro\projek_prakweb\32602300066_zidan-syarif\vendor\codeigniter4\framework\system\Database\BaseConnection.php(620): CodeIgniter\Database\BaseConnection->initialize()
#2 D:\perkuliahan semet 4\praktikum\Webpro\projek_prakweb\32602300066_zidan-syarif\vendor\codeigniter4\framework\system\Database\BaseBuilder.php(1649): CodeIgniter\Database\BaseConnection->query('SELECT *\nFROM `...', Array, false)
#3 D:\perkuliahan semet 4\praktikum\Webpro\projek_prakweb\32602300066_zidan-syarif\vendor\codeigniter4\framework\system\Model.php(286): CodeIgniter\Database\BaseBuilder->get()
#4 D:\perkuliahan semet 4\praktikum\Webpro\projek_prakweb\32602300066_zidan-syarif\vendor\codeigniter4\framework\system\BaseModel.php(679): CodeIgniter\Model->doFindAll(0, 0)
#5 D:\perkuliahan semet 4\praktikum\Webpro\projek_prakweb\32602300066_zidan-syarif\app\Controllers\Crud.php(13): CodeIgniter\BaseModel->findAll()
#6 D:\perkuliahan semet 4\praktikum\Webpro\projek_prakweb\32602300066_zidan-syarif\vendor\codeigniter4\framework\system\CodeIgniter.php(933): App\Controllers\Crud->index()
#7 D:\perkuliahan semet 4\praktikum\Webpro\projek_prakweb\32602300066_zidan-syarif\vendor\codeigniter4\framework\system\CodeIgniter.php(507): CodeIgniter\CodeIgniter->runController(Object(App\Controllers\Crud))
#8 D:\perkuliahan semet 4\praktikum\Webpro\projek_prakweb\32602300066_zidan-syarif\vendor\codeigniter4\framework\system\CodeIgniter.php(354): CodeIgniter\CodeIgniter->handleRequest(NULL, Object(Config\Cache), false)
#9 D:\perkuliahan semet 4\praktikum\Webpro\projek_prakweb\32602300066_zidan-syarif\vendor\codeigniter4\framework\system\Boot.php(334): CodeIgniter\CodeIgniter->run()
#10 D:\perkuliahan semet 4\praktikum\Webpro\projek_prakweb\32602300066_zidan-syarif\vendor\codeigniter4\framework\system\Boot.php(67): CodeIgniter\Boot::runCodeIgniter(Object(CodeIgniter\CodeIgniter))
#11 D:\perkuliahan semet 4\praktikum\Webpro\projek_prakweb\32602300066_zidan-syarif\public\index.php(59): CodeIgniter\Boot::bootWeb(Object(Config\Paths))
#12 D:\perkuliahan semet 4\praktikum\Webpro\projek_prakweb\32602300066_zidan-syarif\vendor\codeigniter4\framework\system\rewrite.php(44): require_once('D:\\perkuliahan ...')
#13 {main}
CRITICAL - 2025-07-25 15:12:47 --> CodeIgniter\Database\Exceptions\DatabaseException: Unable to connect to the database.
Main connection [MySQLi]: Access denied for user ''@'localhost' (using password: NO)
[Method: GET, Route: crud]
in SYSTEMPATH\Database\BaseConnection.php on line 467.
 1 SYSTEMPATH\Database\BaseConnection.php(620): CodeIgniter\Database\BaseConnection->initialize()
 2 SYSTEMPATH\Database\BaseBuilder.php(1649): CodeIgniter\Database\BaseConnection->query('SELECT *
FROM `tb_mahasiswa`', [], false)
 3 SYSTEMPATH\Model.php(286): CodeIgniter\Database\BaseBuilder->get()
 4 SYSTEMPATH\BaseModel.php(679): CodeIgniter\Model->doFindAll(0, 0)
 5 APPPATH\Controllers\Crud.php(13): CodeIgniter\BaseModel->findAll()
 6 SYSTEMPATH\CodeIgniter.php(933): App\Controllers\Crud->index()
 7 SYSTEMPATH\CodeIgniter.php(507): CodeIgniter\CodeIgniter->runController(Object(App\Controllers\Crud))
 8 SYSTEMPATH\CodeIgniter.php(354): CodeIgniter\CodeIgniter->handleRequest(null, Object(Config\Cache), false)
 9 SYSTEMPATH\Boot.php(334): CodeIgniter\CodeIgniter->run()
10 SYSTEMPATH\Boot.php(67): CodeIgniter\Boot::runCodeIgniter(Object(CodeIgniter\CodeIgniter))
11 FCPATH\index.php(59): CodeIgniter\Boot::bootWeb(Object(Config\Paths))
12 SYSTEMPATH\rewrite.php(44): require_once('D:\\perkuliahan semet 4\\praktikum\\Webpro\\projek_prakweb\\32602300066_zidan-syarif\\public\\index.php')
ERROR - 2025-07-25 15:17:27 --> mysqli_sql_exception: Unknown column 'pengarang' in 'field list' in D:\perkuliahan semet 4\praktikum\Webpro\projek_prakweb\32602300066_zidan-syarif\vendor\codeigniter4\framework\system\Database\MySQLi\Connection.php:327
Stack trace:
#0 D:\perkuliahan semet 4\praktikum\Webpro\projek_prakweb\32602300066_zidan-syarif\vendor\codeigniter4\framework\system\Database\MySQLi\Connection.php(327): mysqli->query('INSERT INTO `bu...', 0)
#1 D:\perkuliahan semet 4\praktikum\Webpro\projek_prakweb\32602300066_zidan-syarif\vendor\codeigniter4\framework\system\Database\BaseConnection.php(738): CodeIgniter\Database\MySQLi\Connection->execute('INSERT INTO `bu...')
#2 D:\perkuliahan semet 4\praktikum\Webpro\projek_prakweb\32602300066_zidan-syarif\vendor\codeigniter4\framework\system\Database\BaseConnection.php(652): CodeIgniter\Database\BaseConnection->simpleQuery('INSERT INTO `bu...')
#3 D:\perkuliahan semet 4\praktikum\Webpro\projek_prakweb\32602300066_zidan-syarif\vendor\codeigniter4\framework\system\Database\BaseBuilder.php(2345): CodeIgniter\Database\BaseConnection->query('INSERT INTO `bu...', Array, false)
#4 D:\perkuliahan semet 4\praktikum\Webpro\projek_prakweb\32602300066_zidan-syarif\vendor\codeigniter4\framework\system\Model.php(394): CodeIgniter\Database\BaseBuilder->insert()
#5 D:\perkuliahan semet 4\praktikum\Webpro\projek_prakweb\32602300066_zidan-syarif\vendor\codeigniter4\framework\system\BaseModel.php(843): CodeIgniter\Model->doInsert(Array)
#6 D:\perkuliahan semet 4\praktikum\Webpro\projek_prakweb\32602300066_zidan-syarif\vendor\codeigniter4\framework\system\Model.php(800): CodeIgniter\BaseModel->insert(Array, true)
#7 D:\perkuliahan semet 4\praktikum\Webpro\projek_prakweb\32602300066_zidan-syarif\app\Controllers\Buku.php(24): CodeIgniter\Model->insert(Array)
#8 D:\perkuliahan semet 4\praktikum\Webpro\projek_prakweb\32602300066_zidan-syarif\vendor\codeigniter4\framework\system\CodeIgniter.php(933): App\Controllers\Buku->store()
#9 D:\perkuliahan semet 4\praktikum\Webpro\projek_prakweb\32602300066_zidan-syarif\vendor\codeigniter4\framework\system\CodeIgniter.php(507): CodeIgniter\CodeIgniter->runController(Object(App\Controllers\Buku))
#10 D:\perkuliahan semet 4\praktikum\Webpro\projek_prakweb\32602300066_zidan-syarif\vendor\codeigniter4\framework\system\CodeIgniter.php(354): CodeIgniter\CodeIgniter->handleRequest(NULL, Object(Config\Cache), false)
#11 D:\perkuliahan semet 4\praktikum\Webpro\projek_prakweb\32602300066_zidan-syarif\vendor\codeigniter4\framework\system\Boot.php(334): CodeIgniter\CodeIgniter->run()
#12 D:\perkuliahan semet 4\praktikum\Webpro\projek_prakweb\32602300066_zidan-syarif\vendor\codeigniter4\framework\system\Boot.php(67): CodeIgniter\Boot::runCodeIgniter(Object(CodeIgniter\CodeIgniter))
#13 D:\perkuliahan semet 4\praktikum\Webpro\projek_prakweb\32602300066_zidan-syarif\public\index.php(59): CodeIgniter\Boot::bootWeb(Object(Config\Paths))
#14 D:\perkuliahan semet 4\praktikum\Webpro\projek_prakweb\32602300066_zidan-syarif\vendor\codeigniter4\framework\system\rewrite.php(44): require_once('D:\\perkuliahan ...')
#15 {main}
CRITICAL - 2025-07-25 15:17:27 --> CodeIgniter\Database\Exceptions\DatabaseException: Unknown column 'pengarang' in 'field list'
[Method: POST, Route: buku/store]
in SYSTEMPATH\Database\BaseConnection.php on line 692.
 1 SYSTEMPATH\Database\BaseBuilder.php(2345): CodeIgniter\Database\BaseConnection->query('INSERT INTO `buku` (`judul`, `pengarang`, `penerbit`, `tahun_terbit`) VALUES (:judul:, :pengarang:, :penerbit:, :tahun_terbit:)', [...], false)
 2 SYSTEMPATH\Model.php(394): CodeIgniter\Database\BaseBuilder->insert()
 3 SYSTEMPATH\BaseModel.php(843): CodeIgniter\Model->doInsert([...])
 4 SYSTEMPATH\Model.php(800): CodeIgniter\BaseModel->insert([...], true)
 5 APPPATH\Controllers\Buku.php(24): CodeIgniter\Model->insert([...])
 6 SYSTEMPATH\CodeIgniter.php(933): App\Controllers\Buku->store()
 7 SYSTEMPATH\CodeIgniter.php(507): CodeIgniter\CodeIgniter->runController(Object(App\Controllers\Buku))
 8 SYSTEMPATH\CodeIgniter.php(354): CodeIgniter\CodeIgniter->handleRequest(null, Object(Config\Cache), false)
 9 SYSTEMPATH\Boot.php(334): CodeIgniter\CodeIgniter->run()
10 SYSTEMPATH\Boot.php(67): CodeIgniter\Boot::runCodeIgniter(Object(CodeIgniter\CodeIgniter))
11 FCPATH\index.php(59): CodeIgniter\Boot::bootWeb(Object(Config\Paths))
12 SYSTEMPATH\rewrite.php(44): require_once('D:\\perkuliahan semet 4\\praktikum\\Webpro\\projek_prakweb\\32602300066_zidan-syarif\\public\\index.php')
CRITICAL - 2025-07-25 15:17:27 --> [Caused by] CodeIgniter\Database\Exceptions\DatabaseException: Unknown column 'pengarang' in 'field list'
in SYSTEMPATH\Database\MySQLi\Connection.php on line 332.
 1 SYSTEMPATH\Database\BaseConnection.php(738): CodeIgniter\Database\MySQLi\Connection->execute('INSERT INTO `buku` (`judul`, `pengarang`, `penerbit`, `tahun_terbit`) VALUES (\'Madilog\', \'Tan Malaka\', \'Narasi\', \'2019\')')
 2 SYSTEMPATH\Database\BaseConnection.php(652): CodeIgniter\Database\BaseConnection->simpleQuery('INSERT INTO `buku` (`judul`, `pengarang`, `penerbit`, `tahun_terbit`) VALUES (\'Madilog\', \'Tan Malaka\', \'Narasi\', \'2019\')')
 3 SYSTEMPATH\Database\BaseBuilder.php(2345): CodeIgniter\Database\BaseConnection->query('INSERT INTO `buku` (`judul`, `pengarang`, `penerbit`, `tahun_terbit`) VALUES (:judul:, :pengarang:, :penerbit:, :tahun_terbit:)', [...], false)
 4 SYSTEMPATH\Model.php(394): CodeIgniter\Database\BaseBuilder->insert()
 5 SYSTEMPATH\BaseModel.php(843): CodeIgniter\Model->doInsert([...])
 6 SYSTEMPATH\Model.php(800): CodeIgniter\BaseModel->insert([...], true)
 7 APPPATH\Controllers\Buku.php(24): CodeIgniter\Model->insert([...])
 8 SYSTEMPATH\CodeIgniter.php(933): App\Controllers\Buku->store()
 9 SYSTEMPATH\CodeIgniter.php(507): CodeIgniter\CodeIgniter->runController(Object(App\Controllers\Buku))
10 SYSTEMPATH\CodeIgniter.php(354): CodeIgniter\CodeIgniter->handleRequest(null, Object(Config\Cache), false)
11 SYSTEMPATH\Boot.php(334): CodeIgniter\CodeIgniter->run()
12 SYSTEMPATH\Boot.php(67): CodeIgniter\Boot::runCodeIgniter(Object(CodeIgniter\CodeIgniter))
13 FCPATH\index.php(59): CodeIgniter\Boot::bootWeb(Object(Config\Paths))
14 SYSTEMPATH\rewrite.php(44): require_once('D:\\perkuliahan semet 4\\praktikum\\Webpro\\projek_prakweb\\32602300066_zidan-syarif\\public\\index.php')
CRITICAL - 2025-07-25 15:17:27 --> [Caused by] mysqli_sql_exception: Unknown column 'pengarang' in 'field list'
in SYSTEMPATH\Database\MySQLi\Connection.php on line 327.
 1 SYSTEMPATH\Database\MySQLi\Connection.php(327): mysqli->query('INSERT INTO `buku` (`judul`, `pengarang`, `penerbit`, `tahun_terbit`) VALUES (\'Madilog\', \'Tan Malaka\', \'Narasi\', \'2019\')', 0)
 2 SYSTEMPATH\Database\BaseConnection.php(738): CodeIgniter\Database\MySQLi\Connection->execute('INSERT INTO `buku` (`judul`, `pengarang`, `penerbit`, `tahun_terbit`) VALUES (\'Madilog\', \'Tan Malaka\', \'Narasi\', \'2019\')')
 3 SYSTEMPATH\Database\BaseConnection.php(652): CodeIgniter\Database\BaseConnection->simpleQuery('INSERT INTO `buku` (`judul`, `pengarang`, `penerbit`, `tahun_terbit`) VALUES (\'Madilog\', \'Tan Malaka\', \'Narasi\', \'2019\')')
 4 SYSTEMPATH\Database\BaseBuilder.php(2345): CodeIgniter\Database\BaseConnection->query('INSERT INTO `buku` (`judul`, `pengarang`, `penerbit`, `tahun_terbit`) VALUES (:judul:, :pengarang:, :penerbit:, :tahun_terbit:)', [...], false)
 5 SYSTEMPATH\Model.php(394): CodeIgniter\Database\BaseBuilder->insert()
 6 SYSTEMPATH\BaseModel.php(843): CodeIgniter\Model->doInsert([...])
 7 SYSTEMPATH\Model.php(800): CodeIgniter\BaseModel->insert([...], true)
 8 APPPATH\Controllers\Buku.php(24): CodeIgniter\Model->insert([...])
 9 SYSTEMPATH\CodeIgniter.php(933): App\Controllers\Buku->store()
10 SYSTEMPATH\CodeIgniter.php(507): CodeIgniter\CodeIgniter->runController(Object(App\Controllers\Buku))
11 SYSTEMPATH\CodeIgniter.php(354): CodeIgniter\CodeIgniter->handleRequest(null, Object(Config\Cache), false)
12 SYSTEMPATH\Boot.php(334): CodeIgniter\CodeIgniter->run()
13 SYSTEMPATH\Boot.php(67): CodeIgniter\Boot::runCodeIgniter(Object(CodeIgniter\CodeIgniter))
14 FCPATH\index.php(59): CodeIgniter\Boot::bootWeb(Object(Config\Paths))
15 SYSTEMPATH\rewrite.php(44): require_once('D:\\perkuliahan semet 4\\praktikum\\Webpro\\projek_prakweb\\32602300066_zidan-syarif\\public\\index.php')
ERROR - 2025-07-25 15:18:06 --> mysqli_sql_exception: Unknown column 'pengarang' in 'field list' in D:\perkuliahan semet 4\praktikum\Webpro\projek_prakweb\32602300066_zidan-syarif\vendor\codeigniter4\framework\system\Database\MySQLi\Connection.php:327
Stack trace:
#0 D:\perkuliahan semet 4\praktikum\Webpro\projek_prakweb\32602300066_zidan-syarif\vendor\codeigniter4\framework\system\Database\MySQLi\Connection.php(327): mysqli->query('INSERT INTO `bu...', 0)
#1 D:\perkuliahan semet 4\praktikum\Webpro\projek_prakweb\32602300066_zidan-syarif\vendor\codeigniter4\framework\system\Database\BaseConnection.php(738): CodeIgniter\Database\MySQLi\Connection->execute('INSERT INTO `bu...')
#2 D:\perkuliahan semet 4\praktikum\Webpro\projek_prakweb\32602300066_zidan-syarif\vendor\codeigniter4\framework\system\Database\BaseConnection.php(652): CodeIgniter\Database\BaseConnection->simpleQuery('INSERT INTO `bu...')
#3 D:\perkuliahan semet 4\praktikum\Webpro\projek_prakweb\32602300066_zidan-syarif\vendor\codeigniter4\framework\system\Database\BaseBuilder.php(2345): CodeIgniter\Database\BaseConnection->query('INSERT INTO `bu...', Array, false)
#4 D:\perkuliahan semet 4\praktikum\Webpro\projek_prakweb\32602300066_zidan-syarif\vendor\codeigniter4\framework\system\Model.php(394): CodeIgniter\Database\BaseBuilder->insert()
#5 D:\perkuliahan semet 4\praktikum\Webpro\projek_prakweb\32602300066_zidan-syarif\vendor\codeigniter4\framework\system\BaseModel.php(843): CodeIgniter\Model->doInsert(Array)
#6 D:\perkuliahan semet 4\praktikum\Webpro\projek_prakweb\32602300066_zidan-syarif\vendor\codeigniter4\framework\system\Model.php(800): CodeIgniter\BaseModel->insert(Array, true)
#7 D:\perkuliahan semet 4\praktikum\Webpro\projek_prakweb\32602300066_zidan-syarif\app\Controllers\Buku.php(24): CodeIgniter\Model->insert(Array)
#8 D:\perkuliahan semet 4\praktikum\Webpro\projek_prakweb\32602300066_zidan-syarif\vendor\codeigniter4\framework\system\CodeIgniter.php(933): App\Controllers\Buku->store()
#9 D:\perkuliahan semet 4\praktikum\Webpro\projek_prakweb\32602300066_zidan-syarif\vendor\codeigniter4\framework\system\CodeIgniter.php(507): CodeIgniter\CodeIgniter->runController(Object(App\Controllers\Buku))
#10 D:\perkuliahan semet 4\praktikum\Webpro\projek_prakweb\32602300066_zidan-syarif\vendor\codeigniter4\framework\system\CodeIgniter.php(354): CodeIgniter\CodeIgniter->handleRequest(NULL, Object(Config\Cache), false)
#11 D:\perkuliahan semet 4\praktikum\Webpro\projek_prakweb\32602300066_zidan-syarif\vendor\codeigniter4\framework\system\Boot.php(334): CodeIgniter\CodeIgniter->run()
#12 D:\perkuliahan semet 4\praktikum\Webpro\projek_prakweb\32602300066_zidan-syarif\vendor\codeigniter4\framework\system\Boot.php(67): CodeIgniter\Boot::runCodeIgniter(Object(CodeIgniter\CodeIgniter))
#13 D:\perkuliahan semet 4\praktikum\Webpro\projek_prakweb\32602300066_zidan-syarif\public\index.php(59): CodeIgniter\Boot::bootWeb(Object(Config\Paths))
#14 D:\perkuliahan semet 4\praktikum\Webpro\projek_prakweb\32602300066_zidan-syarif\vendor\codeigniter4\framework\system\rewrite.php(44): require_once('D:\\perkuliahan ...')
#15 {main}
CRITICAL - 2025-07-25 15:18:06 --> CodeIgniter\Database\Exceptions\DatabaseException: Unknown column 'pengarang' in 'field list'
[Method: POST, Route: buku/store]
in SYSTEMPATH\Database\BaseConnection.php on line 692.
 1 SYSTEMPATH\Database\BaseBuilder.php(2345): CodeIgniter\Database\BaseConnection->query('INSERT INTO `buku` (`judul`, `pengarang`, `penerbit`, `tahun_terbit`) VALUES (:judul:, :pengarang:, :penerbit:, :tahun_terbit:)', [...], false)
 2 SYSTEMPATH\Model.php(394): CodeIgniter\Database\BaseBuilder->insert()
 3 SYSTEMPATH\BaseModel.php(843): CodeIgniter\Model->doInsert([...])
 4 SYSTEMPATH\Model.php(800): CodeIgniter\BaseModel->insert([...], true)
 5 APPPATH\Controllers\Buku.php(24): CodeIgniter\Model->insert([...])
 6 SYSTEMPATH\CodeIgniter.php(933): App\Controllers\Buku->store()
 7 SYSTEMPATH\CodeIgniter.php(507): CodeIgniter\CodeIgniter->runController(Object(App\Controllers\Buku))
 8 SYSTEMPATH\CodeIgniter.php(354): CodeIgniter\CodeIgniter->handleRequest(null, Object(Config\Cache), false)
 9 SYSTEMPATH\Boot.php(334): CodeIgniter\CodeIgniter->run()
10 SYSTEMPATH\Boot.php(67): CodeIgniter\Boot::runCodeIgniter(Object(CodeIgniter\CodeIgniter))
11 FCPATH\index.php(59): CodeIgniter\Boot::bootWeb(Object(Config\Paths))
12 SYSTEMPATH\rewrite.php(44): require_once('D:\\perkuliahan semet 4\\praktikum\\Webpro\\projek_prakweb\\32602300066_zidan-syarif\\public\\index.php')
CRITICAL - 2025-07-25 15:18:06 --> [Caused by] CodeIgniter\Database\Exceptions\DatabaseException: Unknown column 'pengarang' in 'field list'
in SYSTEMPATH\Database\MySQLi\Connection.php on line 332.
 1 SYSTEMPATH\Database\BaseConnection.php(738): CodeIgniter\Database\MySQLi\Connection->execute('INSERT INTO `buku` (`judul`, `pengarang`, `penerbit`, `tahun_terbit`) VALUES (\'Madilog\', \'Tan Malaka\', \'a\', \'2\')')
 2 SYSTEMPATH\Database\BaseConnection.php(652): CodeIgniter\Database\BaseConnection->simpleQuery('INSERT INTO `buku` (`judul`, `pengarang`, `penerbit`, `tahun_terbit`) VALUES (\'Madilog\', \'Tan Malaka\', \'a\', \'2\')')
 3 SYSTEMPATH\Database\BaseBuilder.php(2345): CodeIgniter\Database\BaseConnection->query('INSERT INTO `buku` (`judul`, `pengarang`, `penerbit`, `tahun_terbit`) VALUES (:judul:, :pengarang:, :penerbit:, :tahun_terbit:)', [...], false)
 4 SYSTEMPATH\Model.php(394): CodeIgniter\Database\BaseBuilder->insert()
 5 SYSTEMPATH\BaseModel.php(843): CodeIgniter\Model->doInsert([...])
 6 SYSTEMPATH\Model.php(800): CodeIgniter\BaseModel->insert([...], true)
 7 APPPATH\Controllers\Buku.php(24): CodeIgniter\Model->insert([...])
 8 SYSTEMPATH\CodeIgniter.php(933): App\Controllers\Buku->store()
 9 SYSTEMPATH\CodeIgniter.php(507): CodeIgniter\CodeIgniter->runController(Object(App\Controllers\Buku))
10 SYSTEMPATH\CodeIgniter.php(354): CodeIgniter\CodeIgniter->handleRequest(null, Object(Config\Cache), false)
11 SYSTEMPATH\Boot.php(334): CodeIgniter\CodeIgniter->run()
12 SYSTEMPATH\Boot.php(67): CodeIgniter\Boot::runCodeIgniter(Object(CodeIgniter\CodeIgniter))
13 FCPATH\index.php(59): CodeIgniter\Boot::bootWeb(Object(Config\Paths))
14 SYSTEMPATH\rewrite.php(44): require_once('D:\\perkuliahan semet 4\\praktikum\\Webpro\\projek_prakweb\\32602300066_zidan-syarif\\public\\index.php')
CRITICAL - 2025-07-25 15:18:06 --> [Caused by] mysqli_sql_exception: Unknown column 'pengarang' in 'field list'
in SYSTEMPATH\Database\MySQLi\Connection.php on line 327.
 1 SYSTEMPATH\Database\MySQLi\Connection.php(327): mysqli->query('INSERT INTO `buku` (`judul`, `pengarang`, `penerbit`, `tahun_terbit`) VALUES (\'Madilog\', \'Tan Malaka\', \'a\', \'2\')', 0)
 2 SYSTEMPATH\Database\BaseConnection.php(738): CodeIgniter\Database\MySQLi\Connection->execute('INSERT INTO `buku` (`judul`, `pengarang`, `penerbit`, `tahun_terbit`) VALUES (\'Madilog\', \'Tan Malaka\', \'a\', \'2\')')
 3 SYSTEMPATH\Database\BaseConnection.php(652): CodeIgniter\Database\BaseConnection->simpleQuery('INSERT INTO `buku` (`judul`, `pengarang`, `penerbit`, `tahun_terbit`) VALUES (\'Madilog\', \'Tan Malaka\', \'a\', \'2\')')
 4 SYSTEMPATH\Database\BaseBuilder.php(2345): CodeIgniter\Database\BaseConnection->query('INSERT INTO `buku` (`judul`, `pengarang`, `penerbit`, `tahun_terbit`) VALUES (:judul:, :pengarang:, :penerbit:, :tahun_terbit:)', [...], false)
 5 SYSTEMPATH\Model.php(394): CodeIgniter\Database\BaseBuilder->insert()
 6 SYSTEMPATH\BaseModel.php(843): CodeIgniter\Model->doInsert([...])
 7 SYSTEMPATH\Model.php(800): CodeIgniter\BaseModel->insert([...], true)
 8 APPPATH\Controllers\Buku.php(24): CodeIgniter\Model->insert([...])
 9 SYSTEMPATH\CodeIgniter.php(933): App\Controllers\Buku->store()
10 SYSTEMPATH\CodeIgniter.php(507): CodeIgniter\CodeIgniter->runController(Object(App\Controllers\Buku))
11 SYSTEMPATH\CodeIgniter.php(354): CodeIgniter\CodeIgniter->handleRequest(null, Object(Config\Cache), false)
12 SYSTEMPATH\Boot.php(334): CodeIgniter\CodeIgniter->run()
13 SYSTEMPATH\Boot.php(67): CodeIgniter\Boot::runCodeIgniter(Object(CodeIgniter\CodeIgniter))
14 FCPATH\index.php(59): CodeIgniter\Boot::bootWeb(Object(Config\Paths))
15 SYSTEMPATH\rewrite.php(44): require_once('D:\\perkuliahan semet 4\\praktikum\\Webpro\\projek_prakweb\\32602300066_zidan-syarif\\public\\index.php')
